
============================================================
Run: 2026-03-30 11:25:29.797995
============================================================

=== Botti Trader v5.0 – 2026-03-30 ===
  Pair SPY/QQQ: FLAT (Z=0.08) – Pair Z 0.08 within exit band
  Equity: 9,951.28 EUR (Return -0.49%)
  Report written to /data/.openclaw/workspace/trading_data/reports/report_2026-03-30.txt

[ERRORS]

[                       0%                       ]
[*********************100%***********************]  2 of 2 completed

============================================================
Run: 2026-03-30 12:16:38.803295
============================================================

=== Botti Trader v5.0 – 2026-03-30 ===
  Pair SPY/QQQ: FLAT (Z=0.08) – Pair Z 0.08 within exit band
  Equity: 9,951.28 EUR (Return -0.49%)
  Report written to /data/.openclaw/workspace/trading_data/reports/report_2026-03-30.txt

[ERRORS]

[                       0%                       ]
[*********************100%***********************]  2 of 2 completed

============================================================
Run: 2026-03-30 15:16:41.664490
============================================================

=== Botti Trader v5.0 – 2026-03-30 ===
  Pair SPY/QQQ: FLAT (Z=0.08) – Pair Z 0.08 within exit band
  Equity: 9,951.28 EUR (Return -0.49%)
  Report written to /data/.openclaw/workspace/trading_data/reports/report_2026-03-30.txt

[ERRORS]

[                       0%                       ]
[*********************100%***********************]  2 of 2 completed

============================================================
Run: 2026-03-30 15:46:37.322064
============================================================

=== Botti Trader v5.0 – 2026-03-30 ===
  Pair SPY/QQQ: FLAT (Z=-0.28) – Pair Z -0.28 within exit band
  Equity: 9,951.28 EUR (Return -0.49%)
  Report written to /data/.openclaw/workspace/trading_data/reports/report_2026-03-30.txt

[ERRORS]

[                       0%                       ]
[*********************100%***********************]  2 of 2 completed

============================================================
Run: 2026-03-30 16:46:36.229198
============================================================

=== Botti Trader v5.0 – 2026-03-30 ===
  Pair SPY/QQQ: HOLD (Z=-0.54) – 
  Equity: 9,951.28 EUR (Return -0.49%)
  Report written to /data/.openclaw/workspace/trading_data/reports/report_2026-03-30.txt

[ERRORS]

[                       0%                       ]
[*********************100%***********************]  2 of 2 completed

============================================================
Run: 2026-03-30 17:18:30.560934
============================================================

=== Botti Trader v5.0 – 2026-03-30 ===
  Pair SPY/QQQ: HOLD (Z=-0.79) – 
  Equity: 9,951.28 EUR (Return -0.49%)
  Report written to /data/.openclaw/workspace/trading_data/reports/report_2026-03-30.txt

[ERRORS]

[                       0%                       ]
[*********************100%***********************]  2 of 2 completed

============================================================
Run: 2026-03-30 17:48:31.520872
============================================================

=== Botti Trader v5.0 – 2026-03-30 ===
  Pair SPY/QQQ: HOLD (Z=-0.54) – 
  Equity: 9,951.28 EUR (Return -0.49%)
  Report written to /data/.openclaw/workspace/trading_data/reports/report_2026-03-30.txt

[ERRORS]

[                       0%                       ]
[*********************100%***********************]  2 of 2 completed

============================================================
Run: 2026-03-30 19:18:30.580964
============================================================

=== Botti Trader v5.0 – 2026-03-30 ===
  Pair SPY/QQQ: HOLD (Z=-0.70) – 
  Equity: 9,951.28 EUR (Return -0.49%)
  Report written to /data/.openclaw/workspace/trading_data/reports/report_2026-03-30.txt

[ERRORS]

[                       0%                       ]
[*********************100%***********************]  2 of 2 completed

============================================================
Run: 2026-03-30 19:48:32.274077
============================================================

=== Botti Trader v5.0 – 2026-03-30 ===
  Pair SPY/QQQ: HOLD (Z=-0.72) – 
  Equity: 9,951.28 EUR (Return -0.49%)
  Report written to /data/.openclaw/workspace/trading_data/reports/report_2026-03-30.txt

[ERRORS]

[                       0%                       ]
[*********************100%***********************]  2 of 2 completed

============================================================
Run: 2026-03-30 20:18:30.488235
============================================================

=== Botti Trader v5.0 – 2026-03-30 ===
  Pair SPY/QQQ: HOLD (Z=-0.72) – 
  Equity: 9,951.28 EUR (Return -0.49%)
  Report written to /data/.openclaw/workspace/trading_data/reports/report_2026-03-30.txt

[ERRORS]

[                       0%                       ]
[*********************100%***********************]  2 of 2 completed

============================================================
Run: 2026-03-30 20:48:32.116555
============================================================

=== Botti Trader v5.0 – 2026-03-30 ===
  Pair SPY/QQQ: HOLD (Z=-0.76) – 
  Equity: 9,951.28 EUR (Return -0.49%)
  Report written to /data/.openclaw/workspace/trading_data/reports/report_2026-03-30.txt

[ERRORS]

[                       0%                       ]
[*********************100%***********************]  2 of 2 completed

============================================================
Run: 2026-03-30 21:18:34.857657
============================================================

=== Botti Trader v5.0 – 2026-03-30 ===
  Pair SPY/QQQ: HOLD (Z=-0.80) – 
  Equity: 9,951.28 EUR (Return -0.49%)
  Report written to /data/.openclaw/workspace/trading_data/reports/report_2026-03-30.txt

[ERRORS]

[                       0%                       ]
[*********************100%***********************]  2 of 2 completed

============================================================
Run: 2026-03-30 21:48:37.038047
============================================================

=== Botti Trader v5.0 – 2026-03-30 ===
  Pair SPY/QQQ: HOLD (Z=-0.78) – 
  Equity: 9,951.28 EUR (Return -0.49%)
  Report written to /data/.openclaw/workspace/trading_data/reports/report_2026-03-30.txt

[ERRORS]

[                       0%                       ]
[*********************100%***********************]  2 of 2 completed

============================================================
Run: 2026-03-30 22:18:30.210220
============================================================

=== Botti Trader v5.0 – 2026-03-30 ===
  Pair SPY/QQQ: HOLD (Z=-0.75) – 
  Equity: 9,951.28 EUR (Return -0.49%)
  Report written to /data/.openclaw/workspace/trading_data/reports/report_2026-03-30.txt

[ERRORS]

[                       0%                       ]
[*********************100%***********************]  2 of 2 completed

============================================================
Run: 2026-03-30 22:48:31.150229
============================================================

=== Botti Trader v5.0 – 2026-03-30 ===
  Pair SPY/QQQ: HOLD (Z=-0.75) – 
  Equity: 9,951.28 EUR (Return -0.49%)
  Report written to /data/.openclaw/workspace/trading_data/reports/report_2026-03-30.txt

[ERRORS]

[                       0%                       ]
[*********************100%***********************]  2 of 2 completed

============================================================
Run: 2026-03-30 23:18:29.154638
============================================================

=== Botti Trader v5.0 – 2026-03-30 ===
  Pair SPY/QQQ: HOLD (Z=-0.75) – 
  Equity: 9,951.28 EUR (Return -0.49%)
  Report written to /data/.openclaw/workspace/trading_data/reports/report_2026-03-30.txt

[ERRORS]

[                       0%                       ]
[*********************100%***********************]  2 of 2 completed

============================================================
Run: 2026-03-30 23:48:32.518407
============================================================

=== Botti Trader v5.0 – 2026-03-30 ===
  Pair SPY/QQQ: HOLD (Z=-0.75) – 
  Equity: 9,951.28 EUR (Return -0.49%)
  Report written to /data/.openclaw/workspace/trading_data/reports/report_2026-03-30.txt

[ERRORS]

[                       0%                       ]
[*********************100%***********************]  2 of 2 completed

============================================================
Run: 2026-03-31 00:18:29.558313
============================================================

=== Botti Trader v5.0 – 2026-03-31 ===
  Pair SPY/QQQ: HOLD (Z=-0.75) – 
  Equity: 9,951.28 EUR (Return -0.49%)
  Report written to /data/.openclaw/workspace/trading_data/reports/report_2026-03-31.txt

[ERRORS]

[                       0%                       ]
[*********************100%***********************]  2 of 2 completed

============================================================
Run: 2026-03-31 00:48:32.471780
============================================================

=== Botti Trader v5.0 – 2026-03-31 ===
  Pair SPY/QQQ: HOLD (Z=-0.75) – 
  Equity: 9,951.28 EUR (Return -0.49%)
  Report written to /data/.openclaw/workspace/trading_data/reports/report_2026-03-31.txt

[ERRORS]

[                       0%                       ]
[*********************100%***********************]  2 of 2 completed

============================================================
Run: 2026-03-31 01:18:32.488412
============================================================

=== Botti Trader v5.0 – 2026-03-31 ===
  Pair SPY/QQQ: HOLD (Z=-0.75) – 
  Equity: 9,951.28 EUR (Return -0.49%)
  Report written to /data/.openclaw/workspace/trading_data/reports/report_2026-03-31.txt

[ERRORS]

[                       0%                       ]
[*********************100%***********************]  2 of 2 completed

============================================================
Run: 2026-03-31 01:48:30.350073
============================================================

=== Botti Trader v5.0 – 2026-03-31 ===
  Pair SPY/QQQ: HOLD (Z=-0.75) – 
  Equity: 9,951.28 EUR (Return -0.49%)
  Report written to /data/.openclaw/workspace/trading_data/reports/report_2026-03-31.txt

[ERRORS]

[                       0%                       ]
[*********************100%***********************]  2 of 2 completed

============================================================
Run: 2026-03-31 04:19:09.729398
============================================================

=== Botti Trader v5.0 – 2026-03-31 ===
  Pair SPY/QQQ: HOLD (Z=-0.75) – 
  Equity: 9,951.28 EUR (Return -0.49%)
  Report written to /data/.openclaw/workspace/trading_data/reports/report_2026-03-31.txt

[ERRORS]

[                       0%                       ]
[*********************100%***********************]  2 of 2 completed

============================================================
Run: 2026-03-31 04:48:36.413498
============================================================

=== Botti Trader v5.0 – 2026-03-31 ===
  Pair SPY/QQQ: HOLD (Z=-0.75) – 
  Equity: 9,951.28 EUR (Return -0.49%)
  Report written to /data/.openclaw/workspace/trading_data/reports/report_2026-03-31.txt

[ERRORS]

[                       0%                       ]
[*********************100%***********************]  2 of 2 completed

============================================================
Run: 2026-03-31 05:18:38.062452
============================================================

=== Botti Trader v5.0 – 2026-03-31 ===
  Pair SPY/QQQ: HOLD (Z=-0.75) – 
  Equity: 9,951.28 EUR (Return -0.49%)
  Report written to /data/.openclaw/workspace/trading_data/reports/report_2026-03-31.txt

[ERRORS]

[                       0%                       ]
[*********************100%***********************]  2 of 2 completed

============================================================
Run: 2026-03-31 05:48:32.166620
============================================================

=== Botti Trader v5.0 – 2026-03-31 ===
  Pair SPY/QQQ: HOLD (Z=-0.75) – 
  Equity: 9,951.28 EUR (Return -0.49%)
  Report written to /data/.openclaw/workspace/trading_data/reports/report_2026-03-31.txt

[ERRORS]

[                       0%                       ]
[*********************100%***********************]  2 of 2 completed

============================================================
Run: 2026-03-31 06:18:33.608518
============================================================

=== Botti Trader v5.0 – 2026-03-31 ===
  Pair SPY/QQQ: HOLD (Z=-0.75) – 
  Equity: 9,951.28 EUR (Return -0.49%)
  Report written to /data/.openclaw/workspace/trading_data/reports/report_2026-03-31.txt

[ERRORS]

[                       0%                       ]
[*********************100%***********************]  2 of 2 completed

============================================================
Run: 2026-03-31 06:48:34.359109
============================================================

=== Botti Trader v5.0 – 2026-03-31 ===
  Pair SPY/QQQ: HOLD (Z=-0.75) – 
  Equity: 9,951.28 EUR (Return -0.49%)
  Report written to /data/.openclaw/workspace/trading_data/reports/report_2026-03-31.txt

[ERRORS]

[                       0%                       ]
[*********************100%***********************]  2 of 2 completed

============================================================
Run: 2026-03-31 07:18:41.428408
============================================================

=== Botti Trader v5.0 – 2026-03-31 ===
  Pair SPY/QQQ: HOLD (Z=-0.75) – 
  Equity: 9,951.28 EUR (Return -0.49%)
  Report written to /data/.openclaw/workspace/trading_data/reports/report_2026-03-31.txt

[ERRORS]

[                       0%                       ]
[*********************100%***********************]  2 of 2 completed

============================================================
Run: 2026-03-31 07:48:32.509875
============================================================

=== Botti Trader v5.0 – 2026-03-31 ===
  Pair SPY/QQQ: HOLD (Z=-0.75) – 
  Equity: 9,951.28 EUR (Return -0.49%)
  Report written to /data/.openclaw/workspace/trading_data/reports/report_2026-03-31.txt

[ERRORS]

[                       0%                       ]
[*********************100%***********************]  2 of 2 completed

============================================================
Run: 2026-03-31 08:18:36.075054
============================================================

=== Botti Trader v5.0 – 2026-03-31 ===
  Pair SPY/QQQ: HOLD (Z=-0.75) – 
  Equity: 9,951.28 EUR (Return -0.49%)
  Report written to /data/.openclaw/workspace/trading_data/reports/report_2026-03-31.txt

[ERRORS]

[                       0%                       ]
[*********************100%***********************]  2 of 2 completed

============================================================
Run: 2026-03-31 08:48:32.925923
============================================================

=== Botti Trader v5.0 – 2026-03-31 ===
  Pair SPY/QQQ: HOLD (Z=-0.75) – 
  Equity: 9,951.28 EUR (Return -0.49%)
  Report written to /data/.openclaw/workspace/trading_data/reports/report_2026-03-31.txt

[ERRORS]

[                       0%                       ]
[*********************100%***********************]  2 of 2 completed

============================================================
Run: 2026-03-31 09:18:37.281026
============================================================

=== Botti Trader v5.0 – 2026-03-31 ===
  Pair SPY/QQQ: HOLD (Z=-0.75) – 
  Equity: 9,951.28 EUR (Return -0.49%)
  Report written to /data/.openclaw/workspace/trading_data/reports/report_2026-03-31.txt

[ERRORS]

[                       0%                       ]
[*********************100%***********************]  2 of 2 completed

============================================================
Run: 2026-03-31 09:48:41.962272
============================================================

=== Botti Trader v5.0 – 2026-03-31 ===
  Pair SPY/QQQ: HOLD (Z=-0.75) – 
  Equity: 9,951.28 EUR (Return -0.49%)
  Report written to /data/.openclaw/workspace/trading_data/reports/report_2026-03-31.txt

[ERRORS]

[                       0%                       ]
[*********************100%***********************]  2 of 2 completed

============================================================
Run: 2026-03-31 10:18:35.712951
============================================================

=== Botti Trader v5.0 – 2026-03-31 ===
  Pair SPY/QQQ: HOLD (Z=-0.75) – 
  Equity: 9,951.28 EUR (Return -0.49%)
  Report written to /data/.openclaw/workspace/trading_data/reports/report_2026-03-31.txt

[ERRORS]

[                       0%                       ]
[*********************100%***********************]  2 of 2 completed

============================================================
Run: 2026-03-31 10:48:36.291050
============================================================

=== Botti Trader v5.0 – 2026-03-31 ===
  Pair SPY/QQQ: HOLD (Z=-0.75) – 
  Equity: 9,951.28 EUR (Return -0.49%)
  Report written to /data/.openclaw/workspace/trading_data/reports/report_2026-03-31.txt

[ERRORS]

[                       0%                       ]
[*********************100%***********************]  2 of 2 completed

============================================================
Run: 2026-03-31 11:18:30.569025
============================================================

=== Botti Trader v5.0 – 2026-03-31 ===
  Pair SPY/QQQ: HOLD (Z=-0.75) – 
  Equity: 9,951.28 EUR (Return -0.49%)
  Report written to /data/.openclaw/workspace/trading_data/reports/report_2026-03-31.txt

[ERRORS]

[                       0%                       ]
[*********************100%***********************]  2 of 2 completed

============================================================
Run: 2026-03-31 11:48:38.086964
============================================================

=== Botti Trader v5.0 – 2026-03-31 ===
  Pair SPY/QQQ: HOLD (Z=-0.75) – 
  Equity: 9,951.28 EUR (Return -0.49%)
  Report written to /data/.openclaw/workspace/trading_data/reports/report_2026-03-31.txt

[ERRORS]

[                       0%                       ]
[*********************100%***********************]  2 of 2 completed

============================================================
Run: 2026-03-31 12:18:33.583891
============================================================

=== Botti Trader v5.0 – 2026-03-31 ===
  Pair SPY/QQQ: HOLD (Z=-0.75) – 
  Equity: 9,951.28 EUR (Return -0.49%)
  Report written to /data/.openclaw/workspace/trading_data/reports/report_2026-03-31.txt

[ERRORS]

[                       0%                       ]
[*********************100%***********************]  2 of 2 completed

============================================================
Run: 2026-03-31 12:48:33.381271
============================================================

=== Botti Trader v5.0 – 2026-03-31 ===
  Pair SPY/QQQ: HOLD (Z=-0.75) – 
  Equity: 9,951.28 EUR (Return -0.49%)
  Report written to /data/.openclaw/workspace/trading_data/reports/report_2026-03-31.txt

[ERRORS]

[                       0%                       ]
[*********************100%***********************]  2 of 2 completed

============================================================
Run: 2026-03-31 13:18:35.447657
============================================================

=== Botti Trader v5.0 – 2026-03-31 ===
  Pair SPY/QQQ: HOLD (Z=-0.75) – 
  Equity: 9,951.28 EUR (Return -0.49%)
  Report written to /data/.openclaw/workspace/trading_data/reports/report_2026-03-31.txt

[ERRORS]

[                       0%                       ]
[*********************100%***********************]  2 of 2 completed

============================================================
Run: 2026-03-31 13:48:40.685044
============================================================

=== Botti Trader v5.0 – 2026-03-31 ===
  Pair SPY/QQQ: HOLD (Z=-0.75) – 
  Equity: 9,951.28 EUR (Return -0.49%)
  Report written to /data/.openclaw/workspace/trading_data/reports/report_2026-03-31.txt

[ERRORS]

[                       0%                       ]
[*********************100%***********************]  2 of 2 completed

============================================================
Run: 2026-03-31 14:18:33.676525
============================================================

=== Botti Trader v5.0 – 2026-03-31 ===
  Pair SPY/QQQ: HOLD (Z=-0.75) – 
  Equity: 9,951.28 EUR (Return -0.49%)
  Report written to /data/.openclaw/workspace/trading_data/reports/report_2026-03-31.txt

[ERRORS]

[                       0%                       ]
[*********************100%***********************]  2 of 2 completed

============================================================
Run: 2026-03-31 14:48:39.299559
============================================================

=== Botti Trader v5.0 – 2026-03-31 ===
  Pair SPY/QQQ: HOLD (Z=-0.75) – 
  Equity: 9,951.28 EUR (Return -0.49%)
  Report written to /data/.openclaw/workspace/trading_data/reports/report_2026-03-31.txt

[ERRORS]

[                       0%                       ]
[*********************100%***********************]  2 of 2 completed

============================================================
Run: 2026-03-31 15:18:40.016732
============================================================

=== Botti Trader v5.0 – 2026-03-31 ===
  Pair SPY/QQQ: HOLD (Z=-0.75) – 
  Equity: 9,951.28 EUR (Return -0.49%)
  Report written to /data/.openclaw/workspace/trading_data/reports/report_2026-03-31.txt

[ERRORS]

[                       0%                       ]
[*********************100%***********************]  2 of 2 completed

============================================================
Run: 2026-03-31 15:48:39.690435
============================================================

=== Botti Trader v5.0 – 2026-03-31 ===
  CRWD: BUY 4 @ 385.39 (Golden Cross)
  Pair SPY/QQQ: HOLD (Z=-0.85) – 
  Equity: 9,951.28 EUR (Return -0.49%)
  Report written to /data/.openclaw/workspace/trading_data/reports/report_2026-03-31.txt

[ERRORS]

[                       0%                       ]
[*********************100%***********************]  2 of 2 completed

============================================================
Run: 2026-03-31 16:18:38.327990
============================================================

=== Botti Trader v5.0 – 2026-03-31 ===
  Pair SPY/QQQ: HOLD (Z=-0.61) – 
  Equity: 9,963.72 EUR (Return -0.36%)
  Report written to /data/.openclaw/workspace/trading_data/reports/report_2026-03-31.txt

[ERRORS]

[                       0%                       ]
[*********************100%***********************]  2 of 2 completed

============================================================
Run: 2026-03-31 16:48:34.315095
============================================================

=== Botti Trader v5.0 – 2026-03-31 ===
  Pair SPY/QQQ: HOLD (Z=-0.58) – 
  Equity: 9,951.22 EUR (Return -0.49%)
  Report written to /data/.openclaw/workspace/trading_data/reports/report_2026-03-31.txt

[ERRORS]

[                       0%                       ]
[*********************100%***********************]  2 of 2 completed

============================================================
Run: 2026-03-31 17:18:31.157128
============================================================

=== Botti Trader v5.0 – 2026-03-31 ===
  Pair SPY/QQQ: HOLD (Z=-0.73) – 
  Equity: 9,949.60 EUR (Return -0.50%)
  Report written to /data/.openclaw/workspace/trading_data/reports/report_2026-03-31.txt

[ERRORS]

[                       0%                       ]
[*********************100%***********************]  2 of 2 completed

============================================================
Run: 2026-03-31 17:48:38.526198
============================================================

=== Botti Trader v5.0 – 2026-03-31 ===
  Pair SPY/QQQ: HOLD (Z=-0.78) – 
  Equity: 9,947.00 EUR (Return -0.53%)
  Report written to /data/.openclaw/workspace/trading_data/reports/report_2026-03-31.txt

[ERRORS]

[                       0%                       ]
[*********************100%***********************]  2 of 2 completed

============================================================
Run: 2026-03-31 18:18:33.792822
============================================================

=== Botti Trader v5.0 – 2026-03-31 ===
  Pair SPY/QQQ: HOLD (Z=-0.67) – 
  Equity: 9,955.60 EUR (Return -0.44%)
  Report written to /data/.openclaw/workspace/trading_data/reports/report_2026-03-31.txt

[ERRORS]

[                       0%                       ]
[*********************100%***********************]  2 of 2 completed

============================================================
Run: 2026-03-31 18:48:31.641937
============================================================

=== Botti Trader v5.0 – 2026-03-31 ===
  Pair SPY/QQQ: FLAT (Z=-0.45) – Pair Z -0.45 within exit band
  Equity: 9,965.20 EUR (Return -0.35%)
  Report written to /data/.openclaw/workspace/trading_data/reports/report_2026-03-31.txt

[ERRORS]

[                       0%                       ]
[*********************100%***********************]  2 of 2 completed

============================================================
Run: 2026-03-31 19:18:34.000287
============================================================

=== Botti Trader v5.0 – 2026-03-31 ===
  Pair SPY/QQQ: FLAT (Z=-0.13) – Pair Z -0.13 within exit band
  Equity: 9,977.63 EUR (Return -0.22%)
  Report written to /data/.openclaw/workspace/trading_data/reports/report_2026-03-31.txt

[ERRORS]

[                       0%                       ]
[*********************100%***********************]  2 of 2 completed

============================================================
Run: 2026-03-31 19:48:34.673681
============================================================

=== Botti Trader v5.0 – 2026-03-31 ===
  Pair SPY/QQQ: FLAT (Z=-0.33) – Pair Z -0.33 within exit band
  Equity: 9,965.38 EUR (Return -0.35%)
  Report written to /data/.openclaw/workspace/trading_data/reports/report_2026-03-31.txt

[ERRORS]

[                       0%                       ]
[*********************100%***********************]  2 of 2 completed

============================================================
Run: 2026-03-31 20:18:34.122064
============================================================

=== Botti Trader v5.0 – 2026-03-31 ===
  Pair SPY/QQQ: FLAT (Z=-0.34) – Pair Z -0.34 within exit band
  Equity: 9,964.72 EUR (Return -0.35%)
  Report written to /data/.openclaw/workspace/trading_data/reports/report_2026-03-31.txt

[ERRORS]

[                       0%                       ]
[*********************100%***********************]  2 of 2 completed

============================================================
Run: 2026-03-31 20:48:32.989565
============================================================

=== Botti Trader v5.0 – 2026-03-31 ===
  Pair SPY/QQQ: FLAT (Z=-0.29) – Pair Z -0.29 within exit band
  Equity: 9,969.50 EUR (Return -0.30%)
  Report written to /data/.openclaw/workspace/trading_data/reports/report_2026-03-31.txt

[ERRORS]

[                       0%                       ]
[*********************100%***********************]  2 of 2 completed

============================================================
Run: 2026-03-31 21:18:37.864180
============================================================

=== Botti Trader v5.0 – 2026-03-31 ===
  Pair SPY/QQQ: FLAT (Z=-0.33) – Pair Z -0.33 within exit band
  Equity: 9,971.16 EUR (Return -0.29%)
  Report written to /data/.openclaw/workspace/trading_data/reports/report_2026-03-31.txt

[ERRORS]

[                       0%                       ]
[*********************100%***********************]  2 of 2 completed

============================================================
Run: 2026-03-31 21:48:41.708211
============================================================

=== Botti Trader v5.0 – 2026-03-31 ===
  Pair SPY/QQQ: FLAT (Z=-0.46) – Pair Z -0.46 within exit band
  Equity: 9,969.42 EUR (Return -0.31%)
  Report written to /data/.openclaw/workspace/trading_data/reports/report_2026-03-31.txt

[ERRORS]

[                       0%                       ]
[*********************100%***********************]  2 of 2 completed

============================================================
Run: 2026-03-31 22:18:33.962674
============================================================

=== Botti Trader v5.0 – 2026-03-31 ===
  Pair SPY/QQQ: HOLD (Z=-0.50) – 
  Equity: 9,971.36 EUR (Return -0.29%)
  Report written to /data/.openclaw/workspace/trading_data/reports/report_2026-03-31.txt

[ERRORS]

[                       0%                       ]
[*********************100%***********************]  2 of 2 completed

============================================================
Run: 2026-04-01 00:25:32.613792
============================================================

=== Botti Trader v5.0 – 2026-04-01 ===
  Pair SPY/QQQ: FLAT (Z=-0.50) – Pair Z -0.50 within exit band
  Equity: 9,971.36 EUR (Return -0.29%)
  Report written to /data/.openclaw/workspace/trading_data/reports/report_2026-04-01.txt

[ERRORS]

[                       0%                       ]
[*********************100%***********************]  2 of 2 completed

============================================================
Run: 2026-04-01 01:10:03.594824
============================================================

=== Botti Trader v5.0 – 2026-04-01 ===
  Pair SPY/QQQ: FLAT (Z=-0.50) – Pair Z -0.50 within exit band
  Equity: 9,971.36 EUR (Return -0.29%)
  Report written to /data/.openclaw/workspace/trading_data/reports/report_2026-04-01.txt

[ERRORS]

[                       0%                       ]
[*********************100%***********************]  2 of 2 completed

============================================================
Run: 2026-04-01 01:34:17.451516
============================================================

=== Botti Trader v5.0 – 2026-04-01 ===
  Pair SPY/QQQ: FLAT (Z=-0.50) – Pair Z -0.50 within exit band
  Equity: 9,971.36 EUR (Return -0.29%)
  Report written to /data/.openclaw/workspace/trading_data/reports/report_2026-04-01.txt

[ERRORS]

[                       0%                       ]
[*********************100%***********************]  2 of 2 completed

============================================================
Run: 2026-04-01 02:03:40.632118
============================================================

=== Botti Trader v5.0 – 2026-04-01 ===
  Pair SPY/QQQ: FLAT (Z=-0.50) – Pair Z -0.50 within exit band
  Equity: 9,971.36 EUR (Return -0.29%)
  Report written to /data/.openclaw/workspace/trading_data/reports/report_2026-04-01.txt

[ERRORS]

[                       0%                       ]
[*********************100%***********************]  2 of 2 completed

============================================================
Run: 2026-04-01 02:34:02.170179
============================================================

=== Botti Trader v5.0 – 2026-04-01 ===
  Pair SPY/QQQ: FLAT (Z=-0.50) – Pair Z -0.50 within exit band
  Equity: 9,971.36 EUR (Return -0.29%)
  Report written to /data/.openclaw/workspace/trading_data/reports/report_2026-04-01.txt

[ERRORS]

[                       0%                       ]
[*********************100%***********************]  2 of 2 completed

============================================================
Run: 2026-04-01 03:04:23.130603
============================================================

=== Botti Trader v5.0 – 2026-04-01 ===
  Pair SPY/QQQ: FLAT (Z=-0.50) – Pair Z -0.50 within exit band
  Equity: 9,971.36 EUR (Return -0.29%)
  Report written to /data/.openclaw/workspace/trading_data/reports/report_2026-04-01.txt

[ERRORS]

[                       0%                       ]
[*********************100%***********************]  2 of 2 completed

============================================================
Run: 2026-04-01 22:12:37.625963
============================================================

=== Botti Trader v5.0 – 2026-04-01 ===
  Pair SPY/QQQ: FLAT (Z=0.45) – Pair Z 0.45 within exit band
  Equity: 9,982.96 EUR (Return -0.17%)
  Report written to /data/.openclaw/workspace/trading_data/reports/report_2026-04-01.txt

[ERRORS]

[                       0%                       ]
[*********************100%***********************]  2 of 2 completed
